<?xml version="1.0" encoding="UTF-8"?>
<testng-results ignored="0" total="1" passed="1" failed="0" skipped="0">
  <reporter-output>
  </reporter-output>
  <suite started-at="2022-11-26T13:36:37 IST" name="Default suite" finished-at="2022-11-26T13:39:11 IST" duration-ms="153690">
    <groups>
    </groups>
    <test started-at="2022-11-26T13:36:37 IST" name="Default test" finished-at="2022-11-26T13:39:11 IST" duration-ms="153690">
      <class name="base.base">
        <test-method signature="launchApp()[pri:0, instance:base.base@5f8edcc5]" started-at="2022-11-26T13:36:38 IST" name="launchApp" finished-at="2022-11-26T13:39:07 IST" duration-ms="149149" status="PASS">
          <reporter-output>
          </reporter-output>
        </test-method> <!-- launchApp -->
        <test-method is-config="true" signature="closeapp()[pri:0, instance:base.base@5f8edcc5]" started-at="2022-11-26T13:39:07 IST" name="closeapp" finished-at="2022-11-26T13:39:11 IST" duration-ms="4433" status="PASS">
          <reporter-output>
          </reporter-output>
        </test-method> <!-- closeapp -->
      </class> <!-- base.base -->
    </test> <!-- Default test -->
  </suite> <!-- Default suite -->
</testng-results>
